{"extra":{"broker":"kafka:9092","clientId":"kafkajs","correlationId":12,"error":"The group is rebalancing, so a rejoin is needed","logger":"kafkajs","size":10,"timestamp":"2022-12-04T19:27:27.111Z"},"level":"error","message":"Response Heartbeat(key: 12, version: 3)"}
{"extra":{"broker":"kafka:9092","clientId":"kafkajs","correlationId":21,"error":"The group is rebalancing, so a rejoin is needed","logger":"kafkajs","size":10,"timestamp":"2022-12-04T19:27:52.186Z"},"level":"error","message":"Response Heartbeat(key: 12, version: 3)"}
{"extra":{"broker":"kafka:9092","clientId":"kafkajs","correlationId":9,"error":"The group is rebalancing, so a rejoin is needed","logger":"kafkajs","size":10,"timestamp":"2022-12-04T19:27:52.202Z"},"level":"error","message":"Response Heartbeat(key: 12, version: 3)"}
{"extra":{"broker":"kafka:9092","clientId":"kafkajs","correlationId":5,"error":"The group is rebalancing, so a rejoin is needed","logger":"kafkajs","size":10,"timestamp":"2022-12-04T19:28:02.267Z"},"level":"error","message":"Response Heartbeat(key: 12, version: 3)"}
{"extra":{"broker":"kafka:9092","clientId":"kafkajs","correlationId":27,"error":"The group is rebalancing, so a rejoin is needed","logger":"kafkajs","size":10,"timestamp":"2022-12-04T19:28:02.268Z"},"level":"error","message":"Response Heartbeat(key: 12, version: 3)"}
{"extra":{"broker":"kafka:9092","clientId":"kafkajs","correlationId":5,"error":"The group is rebalancing, so a rejoin is needed","logger":"kafkajs","size":10,"timestamp":"2022-12-04T19:28:02.269Z"},"level":"error","message":"Response Heartbeat(key: 12, version: 3)"}
{"extra":{"broker":"kafka:9092","clientId":"kafkajs","correlationId":15,"error":"The group is rebalancing, so a rejoin is needed","logger":"kafkajs","size":10,"timestamp":"2022-12-04T19:28:02.269Z"},"level":"error","message":"Response Heartbeat(key: 12, version: 3)"}
{"extra":{"broker":"kafka:9092","clientId":"kafkajs","correlationId":5,"error":"The group is rebalancing, so a rejoin is needed","logger":"kafkajs","size":10,"timestamp":"2022-12-04T19:34:06.179Z"},"level":"error","message":"Response Heartbeat(key: 12, version: 3)"}
{"extra":{"broker":"kafka:9092","clientId":"kafkajs","correlationId":5,"error":"The group is rebalancing, so a rejoin is needed","logger":"kafkajs","size":10,"timestamp":"2022-12-04T19:34:06.181Z"},"level":"error","message":"Response Heartbeat(key: 12, version: 3)"}
{"extra":{"broker":"kafka:9092","clientId":"kafkajs","correlationId":10,"error":"The group is rebalancing, so a rejoin is needed","logger":"kafkajs","size":10,"timestamp":"2022-12-04T19:34:11.198Z"},"level":"error","message":"Response Heartbeat(key: 12, version: 3)"}
{"extra":{"broker":"kafka:9092","clientId":"kafkajs","correlationId":9,"error":"The group is rebalancing, so a rejoin is needed","logger":"kafkajs","size":10,"timestamp":"2022-12-04T19:34:11.201Z"},"level":"error","message":"Response Heartbeat(key: 12, version: 3)"}
{"extra":{"broker":"kafka:9092","clientId":"kafkajs","correlationId":4,"error":"The group is rebalancing, so a rejoin is needed","logger":"kafkajs","size":10,"timestamp":"2022-12-04T19:34:11.216Z"},"level":"error","message":"Response Heartbeat(key: 12, version: 3)"}
{"extra":{"broker":"kafka:9092","clientId":"kafkajs","correlationId":5,"error":"The group is rebalancing, so a rejoin is needed","logger":"kafkajs","size":10,"timestamp":"2022-12-04T19:34:11.220Z"},"level":"error","message":"Response Heartbeat(key: 12, version: 3)"}
{"extra":{"broker":"kafka:9092","clientId":"kafkajs","correlationId":6,"error":"The group is rebalancing, so a rejoin is needed","logger":"kafkajs","size":10,"timestamp":"2022-12-04T19:34:55.514Z"},"level":"error","message":"Response Heartbeat(key: 12, version: 3)"}
{"extra":{"broker":"kafka:9092","clientId":"kafkajs","correlationId":12,"error":"The group is rebalancing, so a rejoin is needed","logger":"kafkajs","size":10,"timestamp":"2022-12-04T19:35:05.552Z"},"level":"error","message":"Response Heartbeat(key: 12, version: 3)"}
{"extra":{"broker":"kafka:9092","clientId":"kafkajs","correlationId":5,"error":"The group is rebalancing, so a rejoin is needed","logger":"kafkajs","size":10,"timestamp":"2022-12-04T19:35:05.554Z"},"level":"error","message":"Response Heartbeat(key: 12, version: 3)"}
{"extra":{"broker":"kafka:9092","clientId":"kafkajs","correlationId":6,"error":"The group is rebalancing, so a rejoin is needed","logger":"kafkajs","size":10,"timestamp":"2022-12-04T19:35:05.583Z"},"level":"error","message":"Response Heartbeat(key: 12, version: 3)"}
{"extra":{"broker":"kafka:9092","clientId":"kafkajs","correlationId":17,"error":"The group is rebalancing, so a rejoin is needed","logger":"kafkajs","size":10,"timestamp":"2022-12-04T19:35:10.605Z"},"level":"error","message":"Response Heartbeat(key: 12, version: 3)"}
{"extra":{"broker":"kafka:9092","clientId":"kafkajs","correlationId":9,"error":"The group is rebalancing, so a rejoin is needed","logger":"kafkajs","size":10,"timestamp":"2022-12-04T19:35:10.607Z"},"level":"error","message":"Response Heartbeat(key: 12, version: 3)"}
{"extra":{"broker":"kafka:9092","clientId":"kafkajs","correlationId":4,"error":"The group is rebalancing, so a rejoin is needed","logger":"kafkajs","size":10,"timestamp":"2022-12-04T19:35:10.610Z"},"level":"error","message":"Response Heartbeat(key: 12, version: 3)"}
{"extra":{"broker":"kafka:9092","clientId":"kafkajs","correlationId":11,"error":"The group is rebalancing, so a rejoin is needed","logger":"kafkajs","size":10,"timestamp":"2022-12-04T19:35:10.615Z"},"level":"error","message":"Response Heartbeat(key: 12, version: 3)"}
{"extra":{"broker":"kafka:9092","clientId":"kafkajs","correlationId":4,"error":"The group is rebalancing, so a rejoin is needed","logger":"kafkajs","size":10,"timestamp":"2022-12-04T19:35:15.647Z"},"level":"error","message":"Response Heartbeat(key: 12, version: 3)"}
{"extra":{"broker":"kafka:9092","clientId":"kafkajs","correlationId":13,"error":"The group is rebalancing, so a rejoin is needed","logger":"kafkajs","size":10,"timestamp":"2022-12-04T19:35:15.648Z"},"level":"error","message":"Response Heartbeat(key: 12, version: 3)"}
{"extra":{"broker":"kafka:9092","clientId":"kafkajs","correlationId":8,"error":"The group is rebalancing, so a rejoin is needed","logger":"kafkajs","size":10,"timestamp":"2022-12-04T19:35:15.648Z"},"level":"error","message":"Response Heartbeat(key: 12, version: 3)"}
{"extra":{"broker":"kafka:9092","clientId":"kafkajs","correlationId":22,"error":"The group is rebalancing, so a rejoin is needed","logger":"kafkajs","size":10,"timestamp":"2022-12-04T19:35:15.649Z"},"level":"error","message":"Response Heartbeat(key: 12, version: 3)"}
{"extra":{"broker":"kafka:9092","clientId":"kafkajs","correlationId":16,"error":"The group is rebalancing, so a rejoin is needed","logger":"kafkajs","size":10,"timestamp":"2022-12-04T19:35:15.650Z"},"level":"error","message":"Response Heartbeat(key: 12, version: 3)"}
{"extra":{"broker":"kafka:9092","clientId":"kafkajs","correlationId":27,"error":"The group is rebalancing, so a rejoin is needed","logger":"kafkajs","size":10,"timestamp":"2022-12-04T19:35:20.685Z"},"level":"error","message":"Response Heartbeat(key: 12, version: 3)"}
{"extra":{"broker":"kafka:9092","clientId":"kafkajs","correlationId":17,"error":"The group is rebalancing, so a rejoin is needed","logger":"kafkajs","size":10,"timestamp":"2022-12-04T19:35:20.685Z"},"level":"error","message":"Response Heartbeat(key: 12, version: 3)"}
{"extra":{"broker":"kafka:9092","clientId":"kafkajs","correlationId":12,"error":"The group is rebalancing, so a rejoin is needed","logger":"kafkajs","size":10,"timestamp":"2022-12-04T19:35:20.685Z"},"level":"error","message":"Response Heartbeat(key: 12, version: 3)"}
{"extra":{"broker":"kafka:9092","clientId":"kafkajs","correlationId":8,"error":"The group is rebalancing, so a rejoin is needed","logger":"kafkajs","size":10,"timestamp":"2022-12-04T19:35:20.686Z"},"level":"error","message":"Response Heartbeat(key: 12, version: 3)"}
{"extra":{"broker":"kafka:9092","clientId":"kafkajs","correlationId":20,"error":"The group is rebalancing, so a rejoin is needed","logger":"kafkajs","size":10,"timestamp":"2022-12-04T19:35:20.686Z"},"level":"error","message":"Response Heartbeat(key: 12, version: 3)"}
{"extra":{"broker":"kafka:9092","clientId":"kafkajs","correlationId":5,"error":"The group is rebalancing, so a rejoin is needed","logger":"kafkajs","size":10,"timestamp":"2022-12-04T19:35:20.688Z"},"level":"error","message":"Response Heartbeat(key: 12, version: 3)"}
{"extra":{"broker":"kafka:9092","clientId":"kafkajs","correlationId":5,"error":"The group is rebalancing, so a rejoin is needed","logger":"kafkajs","size":10,"timestamp":"2022-12-04T19:35:55.773Z"},"level":"error","message":"Response Heartbeat(key: 12, version: 3)"}
{"extra":{"broker":"kafka:9092","clientId":"kafkajs","correlationId":5,"error":"The group is rebalancing, so a rejoin is needed","logger":"kafkajs","size":10,"timestamp":"2022-12-04T19:35:55.777Z"},"level":"error","message":"Response Heartbeat(key: 12, version: 3)"}
{"extra":{"broker":"kafka:9092","clientId":"kafkajs","correlationId":3,"error":"The group is rebalancing, so a rejoin is needed","logger":"kafkajs","size":14,"timestamp":"2022-12-04T19:36:25.119Z"},"level":"error","message":"Response SyncGroup(key: 14, version: 3)"}
{"extra":{"broker":"kafka:9092","clientId":"kafkajs","correlationId":14,"error":"The group is rebalancing, so a rejoin is needed","logger":"kafkajs","size":10,"timestamp":"2022-12-04T19:39:13.374Z"},"level":"error","message":"Response Heartbeat(key: 12, version: 3)"}
{"extra":{"broker":"kafka:9092","clientId":"kafkajs","correlationId":13,"error":"The group is rebalancing, so a rejoin is needed","logger":"kafkajs","size":10,"timestamp":"2022-12-04T19:40:23.578Z"},"level":"error","message":"Response Heartbeat(key: 12, version: 3)"}
{"extra":{"broker":"kafka:9092","clientId":"kafkajs","correlationId":5,"error":"The group is rebalancing, so a rejoin is needed","logger":"kafkajs","size":10,"timestamp":"2022-12-04T19:40:33.643Z"},"level":"error","message":"Response Heartbeat(key: 12, version: 3)"}
{"extra":{"broker":"kafka:9092","clientId":"kafkajs","correlationId":5,"error":"The group is rebalancing, so a rejoin is needed","logger":"kafkajs","size":10,"timestamp":"2022-12-04T19:40:33.645Z"},"level":"error","message":"Response Heartbeat(key: 12, version: 3)"}
{"extra":{"broker":"kafka:9092","clientId":"kafkajs","correlationId":20,"error":"The group is rebalancing, so a rejoin is needed","logger":"kafkajs","size":10,"timestamp":"2022-12-04T19:40:33.657Z"},"level":"error","message":"Response Heartbeat(key: 12, version: 3)"}
{"extra":{"broker":"kafka:9092","clientId":"kafkajs","correlationId":9,"error":"The group is rebalancing, so a rejoin is needed","logger":"kafkajs","size":10,"timestamp":"2022-12-04T19:40:38.689Z"},"level":"error","message":"Response Heartbeat(key: 12, version: 3)"}
{"extra":{"broker":"kafka:9092","clientId":"kafkajs","correlationId":25,"error":"The group is rebalancing, so a rejoin is needed","logger":"kafkajs","size":10,"timestamp":"2022-12-04T19:40:38.698Z"},"level":"error","message":"Response Heartbeat(key: 12, version: 3)"}
{"extra":{"broker":"kafka:9092","clientId":"kafkajs","correlationId":9,"error":"The group is rebalancing, so a rejoin is needed","logger":"kafkajs","size":10,"timestamp":"2022-12-04T19:40:38.700Z"},"level":"error","message":"Response Heartbeat(key: 12, version: 3)"}
{"extra":{"broker":"kafka:9092","clientId":"kafkajs","correlationId":4,"error":"The group is rebalancing, so a rejoin is needed","logger":"kafkajs","size":10,"timestamp":"2022-12-04T19:40:38.700Z"},"level":"error","message":"Response Heartbeat(key: 12, version: 3)"}
{"extra":{"broker":"kafka:9092","clientId":"kafkajs","correlationId":5,"error":"The group is rebalancing, so a rejoin is needed","logger":"kafkajs","size":10,"timestamp":"2022-12-04T19:40:38.704Z"},"level":"error","message":"Response Heartbeat(key: 12, version: 3)"}
{"extra":{"broker":"kafka:9092","clientId":"kafkajs","correlationId":31,"error":"The group is rebalancing, so a rejoin is needed","logger":"kafkajs","size":10,"timestamp":"2022-12-04T19:40:48.748Z"},"level":"error","message":"Response Heartbeat(key: 12, version: 3)"}
{"extra":{"broker":"kafka:9092","clientId":"kafkajs","correlationId":14,"error":"The group is rebalancing, so a rejoin is needed","logger":"kafkajs","size":10,"timestamp":"2022-12-04T19:40:48.749Z"},"level":"error","message":"Response Heartbeat(key: 12, version: 3)"}
{"extra":{"broker":"kafka:9092","clientId":"kafkajs","correlationId":14,"error":"The group is rebalancing, so a rejoin is needed","logger":"kafkajs","size":10,"timestamp":"2022-12-04T19:40:48.750Z"},"level":"error","message":"Response Heartbeat(key: 12, version: 3)"}
{"extra":{"broker":"kafka:9092","clientId":"kafkajs","correlationId":9,"error":"The group is rebalancing, so a rejoin is needed","logger":"kafkajs","size":10,"timestamp":"2022-12-04T19:40:48.750Z"},"level":"error","message":"Response Heartbeat(key: 12, version: 3)"}
{"extra":{"broker":"kafka:9092","clientId":"kafkajs","correlationId":5,"error":"The group is rebalancing, so a rejoin is needed","logger":"kafkajs","size":10,"timestamp":"2022-12-04T19:40:48.751Z"},"level":"error","message":"Response Heartbeat(key: 12, version: 3)"}
{"extra":{"broker":"kafka:9092","clientId":"kafkajs","correlationId":11,"error":"The group is rebalancing, so a rejoin is needed","logger":"kafkajs","size":10,"timestamp":"2022-12-04T19:40:48.754Z"},"level":"error","message":"Response Heartbeat(key: 12, version: 3)"}
{"extra":{"broker":"kafka:9092","clientId":"kafkajs","correlationId":19,"error":"The group is rebalancing, so a rejoin is needed","logger":"kafkajs","size":10,"timestamp":"2022-12-04T19:40:58.800Z"},"level":"error","message":"Response Heartbeat(key: 12, version: 3)"}
{"extra":{"broker":"kafka:9092","clientId":"kafkajs","correlationId":14,"error":"The group is rebalancing, so a rejoin is needed","logger":"kafkajs","size":10,"timestamp":"2022-12-04T19:40:58.802Z"},"level":"error","message":"Response Heartbeat(key: 12, version: 3)"}
{"extra":{"broker":"kafka:9092","clientId":"kafkajs","correlationId":37,"error":"The group is rebalancing, so a rejoin is needed","logger":"kafkajs","size":10,"timestamp":"2022-12-04T19:40:58.805Z"},"level":"error","message":"Response Heartbeat(key: 12, version: 3)"}
{"extra":{"broker":"kafka:9092","clientId":"kafkajs","correlationId":10,"error":"The group is rebalancing, so a rejoin is needed","logger":"kafkajs","size":10,"timestamp":"2022-12-04T19:40:58.806Z"},"level":"error","message":"Response Heartbeat(key: 12, version: 3)"}
{"extra":{"broker":"kafka:9092","clientId":"kafkajs","correlationId":19,"error":"The group is rebalancing, so a rejoin is needed","logger":"kafkajs","size":10,"timestamp":"2022-12-04T19:40:58.816Z"},"level":"error","message":"Response Heartbeat(key: 12, version: 3)"}
{"extra":{"broker":"kafka:9092","clientId":"kafkajs","correlationId":5,"error":"The group is rebalancing, so a rejoin is needed","logger":"kafkajs","size":10,"timestamp":"2022-12-04T19:40:58.821Z"},"level":"error","message":"Response Heartbeat(key: 12, version: 3)"}
{"extra":{"broker":"kafka:9092","clientId":"kafkajs","correlationId":17,"error":"The group is rebalancing, so a rejoin is needed","logger":"kafkajs","size":10,"timestamp":"2022-12-04T19:40:58.822Z"},"level":"error","message":"Response Heartbeat(key: 12, version: 3)"}
{"extra":{"broker":"kafka:9092","clientId":"kafkajs","correlationId":24,"error":"The group is rebalancing, so a rejoin is needed","logger":"kafkajs","size":10,"timestamp":"2022-12-04T19:41:08.860Z"},"level":"error","message":"Response Heartbeat(key: 12, version: 3)"}
{"extra":{"broker":"kafka:9092","clientId":"kafkajs","correlationId":24,"error":"The group is rebalancing, so a rejoin is needed","logger":"kafkajs","size":10,"timestamp":"2022-12-04T19:41:08.888Z"},"level":"error","message":"Response Heartbeat(key: 12, version: 3)"}
{"extra":{"broker":"kafka:9092","clientId":"kafkajs","correlationId":15,"error":"The group is rebalancing, so a rejoin is needed","logger":"kafkajs","size":10,"timestamp":"2022-12-04T19:41:08.889Z"},"level":"error","message":"Response Heartbeat(key: 12, version: 3)"}
{"extra":{"broker":"kafka:9092","clientId":"kafkajs","correlationId":19,"error":"The group is rebalancing, so a rejoin is needed","logger":"kafkajs","size":10,"timestamp":"2022-12-04T19:41:08.889Z"},"level":"error","message":"Response Heartbeat(key: 12, version: 3)"}
{"extra":{"broker":"kafka:9092","clientId":"kafkajs","correlationId":23,"error":"The group is rebalancing, so a rejoin is needed","logger":"kafkajs","size":10,"timestamp":"2022-12-04T19:41:08.889Z"},"level":"error","message":"Response Heartbeat(key: 12, version: 3)"}
{"extra":{"broker":"kafka:9092","clientId":"kafkajs","correlationId":10,"error":"The group is rebalancing, so a rejoin is needed","logger":"kafkajs","size":10,"timestamp":"2022-12-04T19:41:08.890Z"},"level":"error","message":"Response Heartbeat(key: 12, version: 3)"}
{"extra":{"broker":"kafka:9092","clientId":"kafkajs","correlationId":5,"error":"The group is rebalancing, so a rejoin is needed","logger":"kafkajs","size":10,"timestamp":"2022-12-04T19:41:08.890Z"},"level":"error","message":"Response Heartbeat(key: 12, version: 3)"}
{"extra":{"broker":"kafka:9092","clientId":"kafkajs","correlationId":43,"error":"The group is rebalancing, so a rejoin is needed","logger":"kafkajs","size":10,"timestamp":"2022-12-04T19:41:08.891Z"},"level":"error","message":"Response Heartbeat(key: 12, version: 3)"}
{"extra":{"broker":"kafka:9092","clientId":"kafkajs","correlationId":16,"error":"The group is rebalancing, so a rejoin is needed","logger":"kafkajs","size":10,"timestamp":"2022-12-04T19:41:23.942Z"},"level":"error","message":"Response Heartbeat(key: 12, version: 3)"}
{"extra":{"broker":"kafka:9092","clientId":"kafkajs","correlationId":11,"error":"The group is rebalancing, so a rejoin is needed","logger":"kafkajs","size":10,"timestamp":"2022-12-04T19:41:23.943Z"},"level":"error","message":"Response Heartbeat(key: 12, version: 3)"}
{"extra":{"broker":"kafka:9092","clientId":"kafkajs","correlationId":30,"error":"The group is rebalancing, so a rejoin is needed","logger":"kafkajs","size":10,"timestamp":"2022-12-04T19:41:23.955Z"},"level":"error","message":"Response Heartbeat(key: 12, version: 3)"}
{"extra":{"broker":"kafka:9092","clientId":"kafkajs","correlationId":25,"error":"The group is rebalancing, so a rejoin is needed","logger":"kafkajs","size":10,"timestamp":"2022-12-04T19:41:23.956Z"},"level":"error","message":"Response Heartbeat(key: 12, version: 3)"}
{"extra":{"broker":"kafka:9092","clientId":"kafkajs","correlationId":50,"error":"The group is rebalancing, so a rejoin is needed","logger":"kafkajs","size":10,"timestamp":"2022-12-04T19:41:23.956Z"},"level":"error","message":"Response Heartbeat(key: 12, version: 3)"}
{"extra":{"broker":"kafka:9092","clientId":"kafkajs","correlationId":30,"error":"The group is rebalancing, so a rejoin is needed","logger":"kafkajs","size":10,"timestamp":"2022-12-04T19:41:23.957Z"},"level":"error","message":"Response Heartbeat(key: 12, version: 3)"}
{"extra":{"broker":"kafka:9092","clientId":"kafkajs","correlationId":21,"error":"The group is rebalancing, so a rejoin is needed","logger":"kafkajs","size":10,"timestamp":"2022-12-04T19:41:23.958Z"},"level":"error","message":"Response Heartbeat(key: 12, version: 3)"}
{"extra":{"broker":"kafka:9092","clientId":"kafkajs","correlationId":6,"error":"The group is rebalancing, so a rejoin is needed","logger":"kafkajs","size":10,"timestamp":"2022-12-04T19:41:23.959Z"},"level":"error","message":"Response Heartbeat(key: 12, version: 3)"}
{"extra":{"broker":"kafka:9092","clientId":"kafkajs","correlationId":30,"error":"The group is rebalancing, so a rejoin is needed","logger":"kafkajs","size":10,"timestamp":"2022-12-04T19:41:23.960Z"},"level":"error","message":"Response Heartbeat(key: 12, version: 3)"}
{"extra":{"broker":"kafka:9092","clientId":"kafkajs","correlationId":55,"error":"The group is rebalancing, so a rejoin is needed","logger":"kafkajs","size":10,"timestamp":"2022-12-04T19:41:28.991Z"},"level":"error","message":"Response Heartbeat(key: 12, version: 3)"}
{"extra":{"broker":"kafka:9092","clientId":"kafkajs","correlationId":35,"error":"The group is rebalancing, so a rejoin is needed","logger":"kafkajs","size":10,"timestamp":"2022-12-04T19:41:28.992Z"},"level":"error","message":"Response Heartbeat(key: 12, version: 3)"}
{"extra":{"broker":"kafka:9092","clientId":"kafkajs","correlationId":20,"error":"The group is rebalancing, so a rejoin is needed","logger":"kafkajs","size":10,"timestamp":"2022-12-04T19:41:28.992Z"},"level":"error","message":"Response Heartbeat(key: 12, version: 3)"}
{"extra":{"broker":"kafka:9092","clientId":"kafkajs","correlationId":4,"error":"The group is rebalancing, so a rejoin is needed","logger":"kafkajs","size":10,"timestamp":"2022-12-04T19:41:28.993Z"},"level":"error","message":"Response Heartbeat(key: 12, version: 3)"}
{"extra":{"broker":"kafka:9092","clientId":"kafkajs","correlationId":34,"error":"The group is rebalancing, so a rejoin is needed","logger":"kafkajs","size":10,"timestamp":"2022-12-04T19:41:28.993Z"},"level":"error","message":"Response Heartbeat(key: 12, version: 3)"}
{"extra":{"broker":"kafka:9092","clientId":"kafkajs","correlationId":25,"error":"The group is rebalancing, so a rejoin is needed","logger":"kafkajs","size":10,"timestamp":"2022-12-04T19:41:28.993Z"},"level":"error","message":"Response Heartbeat(key: 12, version: 3)"}
{"extra":{"broker":"kafka:9092","clientId":"kafkajs","correlationId":10,"error":"The group is rebalancing, so a rejoin is needed","logger":"kafkajs","size":10,"timestamp":"2022-12-04T19:41:28.994Z"},"level":"error","message":"Response Heartbeat(key: 12, version: 3)"}
{"extra":{"broker":"kafka:9092","clientId":"kafkajs","correlationId":4,"error":"The group is rebalancing, so a rejoin is needed","logger":"kafkajs","size":10,"timestamp":"2022-12-04T19:41:28.994Z"},"level":"error","message":"Response Heartbeat(key: 12, version: 3)"}
{"extra":{"broker":"kafka:9092","clientId":"kafkajs","correlationId":34,"error":"The group is rebalancing, so a rejoin is needed","logger":"kafkajs","size":10,"timestamp":"2022-12-04T19:41:28.994Z"},"level":"error","message":"Response Heartbeat(key: 12, version: 3)"}
{"extra":{"broker":"kafka:9092","clientId":"kafkajs","correlationId":29,"error":"The group is rebalancing, so a rejoin is needed","logger":"kafkajs","size":10,"timestamp":"2022-12-04T19:41:28.994Z"},"level":"error","message":"Response Heartbeat(key: 12, version: 3)"}
{"extra":{"broker":"kafka:9092","clientId":"kafkajs","correlationId":15,"error":"The group is rebalancing, so a rejoin is needed","logger":"kafkajs","size":10,"timestamp":"2022-12-04T19:41:28.995Z"},"level":"error","message":"Response Heartbeat(key: 12, version: 3)"}
{"extra":{"broker":"kafka:9092","clientId":"kafkajs","correlationId":4,"error":"The group is rebalancing, so a rejoin is needed","logger":"kafkajs","size":10,"timestamp":"2022-12-04T19:41:28.995Z"},"level":"error","message":"Response Heartbeat(key: 12, version: 3)"}
{"extra":{"broker":"kafka:9092","clientId":"kafkajs","correlationId":17,"error":"The group is rebalancing, so a rejoin is needed","logger":"kafkajs","size":10,"timestamp":"2022-12-04T19:42:41.700Z"},"level":"error","message":"Response Heartbeat(key: 12, version: 3)"}
{"extra":{"broker":"kafka:9092","clientId":"kafkajs","correlationId":5,"error":"The group is rebalancing, so a rejoin is needed","logger":"kafkajs","size":10,"timestamp":"2022-12-04T19:42:46.675Z"},"level":"error","message":"Response Heartbeat(key: 12, version: 3)"}
{"extra":{"broker":"kafka:9092","clientId":"kafkajs","correlationId":22,"error":"The group is rebalancing, so a rejoin is needed","logger":"kafkajs","size":10,"timestamp":"2022-12-04T19:42:46.719Z"},"level":"error","message":"Response Heartbeat(key: 12, version: 3)"}
{"extra":{"broker":"kafka:9092","clientId":"kafkajs","correlationId":4,"error":"The group is rebalancing, so a rejoin is needed","logger":"kafkajs","size":10,"timestamp":"2022-12-04T19:42:46.719Z"},"level":"error","message":"Response Heartbeat(key: 12, version: 3)"}
{"extra":{"broker":"kafka:9092","clientId":"kafkajs","correlationId":16,"error":"The group is rebalancing, so a rejoin is needed","logger":"kafkajs","size":10,"timestamp":"2022-12-04T19:43:56.269Z"},"level":"error","message":"Response Heartbeat(key: 12, version: 3)"}
{"extra":{"broker":"kafka:9092","clientId":"kafkajs","correlationId":22,"error":"The group is rebalancing, so a rejoin is needed","logger":"kafkajs","size":10,"timestamp":"2022-12-04T19:43:58.979Z"},"level":"error","message":"Response Heartbeat(key: 12, version: 3)"}
{"extra":{"broker":"kafka:9092","clientId":"kafkajs","correlationId":4,"error":"The group is rebalancing, so a rejoin is needed","logger":"kafkajs","size":10,"timestamp":"2022-12-04T19:44:01.317Z"},"level":"error","message":"Response Heartbeat(key: 12, version: 3)"}
{"extra":{"broker":"kafka:9092","clientId":"kafkajs","correlationId":3,"error":"The group is rebalancing, so a rejoin is needed","logger":"kafkajs","size":14,"timestamp":"2022-12-04T19:48:12.837Z"},"level":"error","message":"Response SyncGroup(key: 14, version: 3)"}
{"extra":{"broker":"kafka:9092","clientId":"kafkajs","correlationId":3,"error":"The group is rebalancing, so a rejoin is needed","logger":"kafkajs","size":14,"timestamp":"2022-12-04T19:48:12.840Z"},"level":"error","message":"Response SyncGroup(key: 14, version: 3)"}
{"extra":{"broker":"kafka:9092","clientId":"kafkajs","correlationId":9,"error":"The group is rebalancing, so a rejoin is needed","logger":"kafkajs","size":10,"timestamp":"2022-12-04T19:48:28.154Z"},"level":"error","message":"Response Heartbeat(key: 12, version: 3)"}
{"extra":{"broker":"kafka:9092","clientId":"kafkajs","correlationId":17,"error":"The group is rebalancing, so a rejoin is needed","logger":"kafkajs","size":10,"timestamp":"2022-12-04T19:48:28.190Z"},"level":"error","message":"Response Heartbeat(key: 12, version: 3)"}
{"extra":{"broker":"kafka:9092","clientId":"kafkajs","correlationId":13,"error":"The group is rebalancing, so a rejoin is needed","logger":"kafkajs","size":10,"timestamp":"2022-12-04T19:48:33.221Z"},"level":"error","message":"Response Heartbeat(key: 12, version: 3)"}
{"extra":{"broker":"kafka:9092","clientId":"kafkajs","correlationId":22,"error":"The group is rebalancing, so a rejoin is needed","logger":"kafkajs","size":10,"timestamp":"2022-12-04T19:48:33.223Z"},"level":"error","message":"Response Heartbeat(key: 12, version: 3)"}
{"extra":{"broker":"kafka:9092","clientId":"kafkajs","correlationId":4,"error":"The group is rebalancing, so a rejoin is needed","logger":"kafkajs","size":10,"timestamp":"2022-12-04T19:48:33.230Z"},"level":"error","message":"Response Heartbeat(key: 12, version: 3)"}
{"extra":{"broker":"kafka:9092","clientId":"kafkajs","correlationId":9,"error":"The group is rebalancing, so a rejoin is needed","logger":"kafkajs","size":10,"timestamp":"2022-12-04T19:48:35.292Z"},"level":"error","message":"Response Heartbeat(key: 12, version: 3)"}
{"extra":{"broker":"kafka:9092","clientId":"kafkajs","correlationId":20,"error":"The group is rebalancing, so a rejoin is needed","logger":"kafkajs","size":10,"timestamp":"2022-12-04T19:52:09.463Z"},"level":"error","message":"Response Heartbeat(key: 12, version: 3)"}
{"extra":{"logger":"kafkajs","retryCount":0,"retryTime":267,"timestamp":"2022-12-04T19:54:42.315Z"},"level":"error","message":"The \"string\" argument must be of type string or an instance of Buffer or ArrayBuffer. Received an instance of Object"}
{"extra":{"logger":"kafkajs","retryCount":0,"retryTime":312,"timestamp":"2022-12-04T19:55:13.163Z"},"level":"error","message":"The \"string\" argument must be of type string or an instance of Buffer or ArrayBuffer. Received an instance of Object"}
{"extra":{"logger":"kafkajs","retryCount":0,"retryTime":294,"timestamp":"2022-12-04T19:56:03.962Z"},"level":"error","message":"The \"string\" argument must be of type string or an instance of Buffer or ArrayBuffer. Received an instance of Object"}
{"extra":{"logger":"kafkajs","retryCount":0,"retryTime":241,"timestamp":"2022-12-04T19:57:32.954Z"},"level":"error","message":"The \"string\" argument must be of type string or an instance of Buffer or ArrayBuffer. Received an instance of Object"}
{"extra":{"logger":"kafkajs","retryCount":0,"retryTime":272,"timestamp":"2022-12-04T19:57:59.738Z"},"level":"error","message":"The \"string\" argument must be of type string or an instance of Buffer or ArrayBuffer. Received an instance of Object"}
{"extra":{"logger":"kafkajs","retryCount":0,"retryTime":284,"timestamp":"2022-12-04T19:58:23.104Z"},"level":"error","message":"The \"string\" argument must be of type string or an instance of Buffer or ArrayBuffer. Received an instance of Object"}
{"extra":{"logger":"kafkajs","retryCount":0,"retryTime":312,"timestamp":"2022-12-04T19:58:50.121Z"},"level":"error","message":"The \"string\" argument must be of type string or an instance of Buffer or ArrayBuffer. Received an instance of Object"}
{"extra":{"logger":"kafkajs","retryCount":0,"retryTime":313,"timestamp":"2022-12-04T19:59:39.492Z"},"level":"error","message":"The \"string\" argument must be of type string or an instance of Buffer or ArrayBuffer. Received an instance of Object"}
{"extra":{"logger":"kafkajs","retryCount":0,"retryTime":340,"timestamp":"2022-12-04T20:01:19.440Z"},"level":"error","message":"The \"string\" argument must be of type string or an instance of Buffer or ArrayBuffer. Received an instance of Object"}
{"extra":{"error":{},"logger":"kafkajs","offset":"250","partition":0,"stack":"SyntaxError: Unexpected token h in JSON at position 0\n    at JSON.parse (<anonymous>)\n    at /Users/hugg/git/ws-example/backend/app.ts:111:25\n    at step (/Users/hugg/git/ws-example/backend/app.ts:67:23)\n    at Object.next (/Users/hugg/git/ws-example/backend/app.ts:48:53)\n    at /Users/hugg/git/ws-example/backend/app.ts:42:71\n    at new Promise (<anonymous>)\n    at __awaiter (/Users/hugg/git/ws-example/backend/app.ts:38:12)\n    at Runner.eachMessage (/Users/hugg/git/ws-example/backend/app.ts:197:36)\n    at Runner.processEachMessage (/Users/hugg/git/ws-example/backend/node_modules/kafkajs/src/consumer/runner.js:231:20)\n    at onBatch (/Users/hugg/git/ws-example/backend/node_modules/kafkajs/src/consumer/runner.js:447:20)","timestamp":"2022-12-04T20:01:55.144Z","topic":"my-topic"},"level":"error","message":"Error when calling eachMessage"}
{"extra":{"groupId":"my-group","logger":"kafkajs","stack":"KafkaJSNonRetriableError: Unexpected token h in JSON at position 0\n    at /Users/hugg/git/ws-example/backend/node_modules/kafkajs/src/retry/index.js:55:18\n    at processTicksAndRejections (node:internal/process/task_queues:96:5)","timestamp":"2022-12-04T20:01:55.146Z"},"level":"error","message":"Crash: KafkaJSNonRetriableError: Unexpected token h in JSON at position 0"}
{"extra":{"error":{},"logger":"kafkajs","offset":"250","partition":0,"stack":"SyntaxError: Unexpected token h in JSON at position 0\n    at JSON.parse (<anonymous>)\n    at /Users/hugg/git/ws-example/backend/app.ts:111:25\n    at step (/Users/hugg/git/ws-example/backend/app.ts:67:23)\n    at Object.next (/Users/hugg/git/ws-example/backend/app.ts:48:53)\n    at /Users/hugg/git/ws-example/backend/app.ts:42:71\n    at new Promise (<anonymous>)\n    at __awaiter (/Users/hugg/git/ws-example/backend/app.ts:38:12)\n    at Runner.eachMessage (/Users/hugg/git/ws-example/backend/app.ts:197:36)\n    at Runner.processEachMessage (/Users/hugg/git/ws-example/backend/node_modules/kafkajs/src/consumer/runner.js:231:20)\n    at onBatch (/Users/hugg/git/ws-example/backend/node_modules/kafkajs/src/consumer/runner.js:447:20)","timestamp":"2022-12-04T20:03:18.086Z","topic":"my-topic"},"level":"error","message":"Error when calling eachMessage"}
{"extra":{"groupId":"my-group","logger":"kafkajs","stack":"KafkaJSNonRetriableError: Unexpected token h in JSON at position 0\n    at /Users/hugg/git/ws-example/backend/node_modules/kafkajs/src/retry/index.js:55:18\n    at processTicksAndRejections (node:internal/process/task_queues:96:5)","timestamp":"2022-12-04T20:03:18.089Z"},"level":"error","message":"Crash: KafkaJSNonRetriableError: Unexpected token h in JSON at position 0"}
{"extra":{"broker":"kafka:9092","clientId":"kafkajs","correlationId":6,"error":"The coordinator is not aware of this member","logger":"kafkajs","size":64,"timestamp":"2022-12-04T20:03:18.096Z"},"level":"error","message":"Response LeaveGroup(key: 13, version: 3)"}
{"extra":{"broker":"kafka:9092","clientId":"kafkajs","correlationId":0,"error":"The requested offset is not within the range of offsets maintained by the server","logger":"kafkajs","size":74,"timestamp":"2022-12-04T20:04:59.932Z"},"level":"error","message":"Response Fetch(key: 1, version: 11)"}
{"extra":{"groupId":"my-group","logger":"kafkajs","memberId":"kafkajs-eb9ef697-7ae0-4498-a7d2-9718e755d299","partition":0,"timestamp":"2022-12-04T20:04:59.933Z","topic":"my-topic"},"level":"error","message":"Offset out of range, resetting to default offset"}
